<?xml version="1.0" encoding="UTF-8"?>
<coverage generated="1652341527680" clover="3.2.0">
  <project timestamp="1652341527680" name="All files">
    <metrics statements="23" coveredstatements="23" conditionals="10" coveredconditionals="10" methods="3" coveredmethods="3" elements="36" coveredelements="36" complexity="0" loc="23" ncloc="23" packages="1" files="2" classes="2"/>
    <file name="gendiff.js" path="/home/roisler/frontend-project-lvl2/src/gendiff.js">
      <metrics statements="20" coveredstatements="20" conditionals="10" coveredconditionals="10" methods="2" coveredmethods="2"/>
      <line num="5" count="1" type="stmt"/>
      <line num="6" count="4" type="cond" truecount="4" falsecount="0"/>
      <line num="7" count="3" type="stmt"/>
      <line num="9" count="1" type="stmt"/>
      <line num="10" count="1" type="stmt"/>
      <line num="11" count="1" type="stmt"/>
      <line num="12" count="1" type="stmt"/>
      <line num="13" count="1" type="stmt"/>
      <line num="14" count="1" type="stmt"/>
      <line num="16" count="1" type="stmt"/>
      <line num="17" count="5" type="cond" truecount="2" falsecount="0"/>
      <line num="18" count="2" type="stmt"/>
      <line num="19" count="3" type="cond" truecount="2" falsecount="0"/>
      <line num="20" count="1" type="stmt"/>
      <line num="21" count="2" type="cond" truecount="2" falsecount="0"/>
      <line num="22" count="1" type="stmt"/>
      <line num="24" count="1" type="stmt"/>
      <line num="38" count="1" type="stmt"/>
      <line num="39" count="1" type="stmt"/>
      <line num="40" count="1" type="stmt"/>
    </file>
    <file name="getFixturePath.js" path="/home/roisler/frontend-project-lvl2/src/getFixturePath.js">
      <metrics statements="3" coveredstatements="3" conditionals="0" coveredconditionals="0" methods="1" coveredmethods="1"/>
      <line num="4" count="2" type="stmt"/>
      <line num="5" count="2" type="stmt"/>
      <line num="6" count="4" type="stmt"/>
    </file>
  </project>
</coverage>
