{"/home/roisler/frontend-project-lvl2/src/gendiff.js": {"path":"/home/roisler/frontend-project-lvl2/src/gendiff.js","statementMap":{"0":{"start":{"line":5,"column":16},"end":{"line":41,"column":1}},"1":{"start":{"line":6,"column":2},"end":{"line":8,"column":3}},"2":{"start":{"line":7,"column":4},"end":{"line":7,"column":14}},"3":{"start":{"line":9,"column":16},"end":{"line":9,"column":76}},"4":{"start":{"line":10,"column":16},"end":{"line":10,"column":76}},"5":{"start":{"line":11,"column":16},"end":{"line":11,"column":34}},"6":{"start":{"line":12,"column":16},"end":{"line":12,"column":34}},"7":{"start":{"line":13,"column":15},"end":{"line":13,"column":46}},"8":{"start":{"line":14,"column":15},"end":{"line":14,"column":17}},"9":{"start":{"line":16,"column":2},"end":{"line":26,"column":5}},"10":{"start":{"line":17,"column":4},"end":{"line":25,"column":5}},"11":{"start":{"line":18,"column":6},"end":{"line":18,"column":46}},"12":{"start":{"line":19,"column":11},"end":{"line":25,"column":5}},"13":{"start":{"line":20,"column":6},"end":{"line":20,"column":46}},"14":{"start":{"line":21,"column":11},"end":{"line":25,"column":5}},"15":{"start":{"line":22,"column":6},"end":{"line":22,"column":73}},"16":{"start":{"line":24,"column":6},"end":{"line":24,"column":46}},"17":{"start":{"line":38,"column":2},"end":{"line":38,"column":39}},"18":{"start":{"line":39,"column":2},"end":{"line":39,"column":22}},"19":{"start":{"line":40,"column":2},"end":{"line":40,"column":16}}},"fnMap":{"0":{"name":"(anonymous_0)","decl":{"start":{"line":5,"column":16},"end":{"line":5,"column":17}},"loc":{"start":{"line":5,"column":42},"end":{"line":41,"column":1}},"line":5},"1":{"name":"(anonymous_1)","decl":{"start":{"line":16,"column":15},"end":{"line":16,"column":16}},"loc":{"start":{"line":16,"column":24},"end":{"line":26,"column":3}},"line":16}},"branchMap":{"0":{"loc":{"start":{"line":6,"column":2},"end":{"line":8,"column":3}},"type":"if","locations":[{"start":{"line":6,"column":2},"end":{"line":8,"column":3}},{"start":{},"end":{}}],"line":6},"1":{"loc":{"start":{"line":6,"column":6},"end":{"line":6,"column":42}},"type":"binary-expr","locations":[{"start":{"line":6,"column":6},"end":{"line":6,"column":22}},{"start":{"line":6,"column":26},"end":{"line":6,"column":42}}],"line":6},"2":{"loc":{"start":{"line":17,"column":4},"end":{"line":25,"column":5}},"type":"if","locations":[{"start":{"line":17,"column":4},"end":{"line":25,"column":5}},{"start":{"line":19,"column":11},"end":{"line":25,"column":5}}],"line":17},"3":{"loc":{"start":{"line":19,"column":11},"end":{"line":25,"column":5}},"type":"if","locations":[{"start":{"line":19,"column":11},"end":{"line":25,"column":5}},{"start":{"line":21,"column":11},"end":{"line":25,"column":5}}],"line":19},"4":{"loc":{"start":{"line":21,"column":11},"end":{"line":25,"column":5}},"type":"if","locations":[{"start":{"line":21,"column":11},"end":{"line":25,"column":5}},{"start":{"line":23,"column":11},"end":{"line":25,"column":5}}],"line":21}},"s":{"0":1,"1":4,"2":3,"3":1,"4":1,"5":1,"6":1,"7":1,"8":1,"9":1,"10":5,"11":2,"12":3,"13":1,"14":2,"15":1,"16":1,"17":1,"18":1,"19":1},"f":{"0":4,"1":5},"b":{"0":[3,1],"1":[4,2],"2":[2,3],"3":[1,2],"4":[1,1]},"_coverageSchema":"1a1c01bbd47fc00a2c39e90264f33305004495a9","hash":"6c3c752565b9f0355215098c4f41a69199d90318"}
,"/home/roisler/frontend-project-lvl2/src/getFixturePath.js": {"path":"/home/roisler/frontend-project-lvl2/src/getFixturePath.js","statementMap":{"0":{"start":{"line":4,"column":19},"end":{"line":4,"column":49}},"1":{"start":{"line":5,"column":18},"end":{"line":5,"column":42}},"2":{"start":{"line":6,"column":23},"end":{"line":6,"column":89}},"3":{"start":{"line":6,"column":37},"end":{"line":6,"column":89}}},"fnMap":{"0":{"name":"(anonymous_0)","decl":{"start":{"line":6,"column":23},"end":{"line":6,"column":24}},"loc":{"start":{"line":6,"column":37},"end":{"line":6,"column":89}},"line":6}},"branchMap":{},"s":{"0":2,"1":2,"2":2,"3":4},"f":{"0":4},"b":{},"_coverageSchema":"1a1c01bbd47fc00a2c39e90264f33305004495a9","hash":"9e8a536fd081eef4291f921132180464685b6d91"}
}
