TN:
SF:src/gendiff.js
FN:5,(anonymous_0)
FN:16,(anonymous_1)
FNF:2
FNH:2
FNDA:4,(anonymous_0)
FNDA:5,(anonymous_1)
DA:5,1
DA:6,4
DA:7,3
DA:9,1
DA:10,1
DA:11,1
DA:12,1
DA:13,1
DA:14,1
DA:16,1
DA:17,5
DA:18,2
DA:19,3
DA:20,1
DA:21,2
DA:22,1
DA:24,1
DA:38,1
DA:39,1
DA:40,1
LF:20
LH:20
BRDA:6,0,0,3
BRDA:6,0,1,1
BRDA:6,1,0,4
BRDA:6,1,1,2
BRDA:17,2,0,2
BRDA:17,2,1,3
BRDA:19,3,0,1
BRDA:19,3,1,2
BRDA:21,4,0,1
BRDA:21,4,1,1
BRF:10
BRH:10
end_of_record
TN:
SF:src/getFixturePath.js
FN:6,(anonymous_0)
FNF:1
FNH:1
FNDA:4,(anonymous_0)
DA:4,2
DA:5,2
DA:6,4
LF:3
LH:3
BRF:0
BRH:0
end_of_record
